-------------------------------------------------------------------------------
Test set: com.statista.code.challenge.controller.BookingControllerTest
-------------------------------------------------------------------------------
Tests run: 14, Failures: 3, Errors: 3, Skipped: 0, Time elapsed: 7.075 s <<< FAILURE! - in com.statista.code.challenge.controller.BookingControllerTest
createsNewBookingAndVerifiesBookingIdWithStatusCode  Time elapsed: 0.702 s  <<< FAILURE!
java.lang.AssertionError
	at com.statista.code.challenge.controller.BookingControllerTest.createsNewBookingAndVerifiesBookingIdWithStatusCode(BookingControllerTest.java:41)

createBookingWithInvalidEmailIdAndVerifiesResponse  Time elapsed: 0.01 s  <<< FAILURE!
java.lang.AssertionError
	at com.statista.code.challenge.controller.BookingControllerTest.createBookingWithInvalidEmailIdAndVerifiesResponse(BookingControllerTest.java:61)

createBookingWithInvalidPriceAndVerifiesResponse  Time elapsed: 0.013 s  <<< FAILURE!
java.lang.AssertionError
	at com.statista.code.challenge.controller.BookingControllerTest.createBookingWithInvalidPriceAndVerifiesResponse(BookingControllerTest.java:71)

getsBookingByIdSuccessfully  Time elapsed: 0.022 s  <<< ERROR!
java.lang.NullPointerException
	at com.statista.code.challenge.controller.BookingControllerTest.getsBookingByIdSuccessfully(BookingControllerTest.java:120)

getsBookingByDepartmentSuccessfully  Time elapsed: 0.01 s  <<< ERROR!
java.lang.NullPointerException
	at com.statista.code.challenge.controller.BookingControllerTest.getsBookingByDepartmentSuccessfully(BookingControllerTest.java:139)

getSumOfBookingPriceByGivenCurrencySuccessfully  Time elapsed: 0.11 s  <<< ERROR!
org.springframework.web.client.RestClientException: 
Error while extracting response for type [class java.lang.Double] and content type [application/json]; nested exception is org.springframework.http.converter.HttpMessageNotReadableException: JSON parse error: Cannot deserialize value of type `java.lang.Double` from Object value (token `JsonToken.START_OBJECT`); nested exception is com.fasterxml.jackson.databind.exc.MismatchedInputException: Cannot deserialize value of type `java.lang.Double` from Object value (token `JsonToken.START_OBJECT`)
 at [Source: (PushbackInputStream); line: 1, column: 1]
	at com.statista.code.challenge.controller.BookingControllerTest.getSumOfBookingPriceByGivenCurrency(BookingControllerTest.java:237)
	at com.statista.code.challenge.controller.BookingControllerTest.getSumOfBookingPriceByGivenCurrencySuccessfully(BookingControllerTest.java:173)
Caused by: org.springframework.http.converter.HttpMessageNotReadableException: 
JSON parse error: Cannot deserialize value of type `java.lang.Double` from Object value (token `JsonToken.START_OBJECT`); nested exception is com.fasterxml.jackson.databind.exc.MismatchedInputException: Cannot deserialize value of type `java.lang.Double` from Object value (token `JsonToken.START_OBJECT`)
 at [Source: (PushbackInputStream); line: 1, column: 1]
	at com.statista.code.challenge.controller.BookingControllerTest.getSumOfBookingPriceByGivenCurrency(BookingControllerTest.java:237)
	at com.statista.code.challenge.controller.BookingControllerTest.getSumOfBookingPriceByGivenCurrencySuccessfully(BookingControllerTest.java:173)
Caused by: com.fasterxml.jackson.databind.exc.MismatchedInputException: 
Cannot deserialize value of type `java.lang.Double` from Object value (token `JsonToken.START_OBJECT`)
 at [Source: (PushbackInputStream); line: 1, column: 1]
	at com.statista.code.challenge.controller.BookingControllerTest.getSumOfBookingPriceByGivenCurrency(BookingControllerTest.java:237)
	at com.statista.code.challenge.controller.BookingControllerTest.getSumOfBookingPriceByGivenCurrencySuccessfully(BookingControllerTest.java:173)

