-------------------------------------------------------------------------------
Test set: service.BookingServiceTest
-------------------------------------------------------------------------------
Tests run: 1, Failures: 0, Errors: 1, Skipped: 0, Time elapsed: 0.001 s <<< FAILURE! - in service.BookingServiceTest
createsNewBookingAndVerifiesDepartment  Time elapsed: 0 s  <<< ERROR!
java.lang.NullPointerException
	at service.BookingServiceTest.createsNewBookingAndVerifiesDepartment(BookingServiceTest.java:29)

