<?xml version="1.0" encoding="UTF-8"?>
<testsuite xmlns:xsi="http://www.w3.org/2001/XMLSchema-instance" xsi:noNamespaceSchemaLocation="https://maven.apache.org/surefire/maven-surefire-plugin/xsd/surefire-test-report-3.0.xsd" version="3.0" name="com.statista.code.challenge.controller.BookingControllerTest" time="6.513" tests="2" errors="0" skipped="0" failures="0">
  <properties>
[...]
</properties>
  <testcase name="createsNewBookingAndVerifiesBookingId" classname="com.statista.code.challenge.controller.BookingControllerTest" time="0.69">
    <system-out><![CDATA[
  .   ____          _            __ _ _
 /\\ / ___'_ __ _ _(_)_ __  __ _ \ \ \ \
( ( )\___ | '_ | '_| | '_ \/ _` | \ \ \ \
 \\/  ___)| |_)| | | | | || (_| |  ) ) ) )
  '  |____| .__|_| |_|_| |_\__, | / / / /
 =========|_|==============|___/=/_/_/_/
 :: Spring Boot ::                (v3.1.0)

2023-05-21T17:04:55.510+02:00  INFO 7100 --- [           main] c.s.c.c.c.BookingControllerTest          : Starting BookingControllerTest using Java 19.0.1 with PID 7100 (started by DEll in D:\AMRUTA\Interview\statista-code-challenge\advanced-code-challenge-java\code-challenge)
2023-05-21T17:04:55.516+02:00  INFO 7100 --- [           main] c.s.c.c.c.BookingControllerTest          : No active profile set, falling back to 1 default profile: "default"
2023-05-21T17:04:59.092+02:00  INFO 7100 --- [           main] o.s.b.w.embedded.tomcat.TomcatWebServer  : Tomcat initialized with port(s): 8081 (http)
2023-05-21T17:04:59.113+02:00  INFO 7100 --- [           main] o.apache.catalina.core.StandardService   : Starting service [Tomcat]
2023-05-21T17:04:59.114+02:00  INFO 7100 --- [           main] o.apache.catalina.core.StandardEngine    : Starting Servlet engine: [Apache Tomcat/10.1.8]
2023-05-21T17:04:59.306+02:00  INFO 7100 --- [           main] o.a.c.c.C.[Tomcat].[localhost].[/]       : Initializing Spring embedded WebApplicationContext
2023-05-21T17:04:59.309+02:00  INFO 7100 --- [           main] w.s.c.ServletWebServerApplicationContext : Root WebApplicationContext: initialization completed in 3759 ms
2023-05-21T17:05:00.100+02:00  INFO 7100 --- [           main] o.s.b.w.embedded.tomcat.TomcatWebServer  : Tomcat started on port(s): 8081 (http) with context path ''
2023-05-21T17:05:00.113+02:00  INFO 7100 --- [           main] c.s.c.c.c.BookingControllerTest          : Started BookingControllerTest in 5.145 seconds (process running for 6.65)
2023-05-21T17:05:00.473+02:00  INFO 7100 --- [nio-8081-exec-1] o.a.c.c.C.[Tomcat].[localhost].[/]       : Initializing Spring DispatcherServlet 'dispatcherServlet'
2023-05-21T17:05:00.473+02:00  INFO 7100 --- [nio-8081-exec-1] o.s.web.servlet.DispatcherServlet        : Initializing Servlet 'dispatcherServlet'
2023-05-21T17:05:00.475+02:00  INFO 7100 --- [nio-8081-exec-1] o.s.web.servlet.DispatcherServlet        : Completed initialization in 1 ms
]]></system-out>
  </testcase>
  <testcase name="testGetBookingsByDepartment" classname="com.statista.code.challenge.controller.BookingControllerTest" time="0.026"/>
</testsuite>